<?xml version="1.0" encoding="UTF-8"?>
<testsuite xmlns:xsi="http://www.w3.org/2001/XMLSchema-instance" xsi:noNamespaceSchemaLocation="https://maven.apache.org/surefire/maven-surefire-plugin/xsd/surefire-test-report.xsd" name="com.itheima.service.UserTest" time="1.237" tests="3" errors="0" skipped="0" failures="0">
  <properties>
[...]
</properties>
  <testcase name="Get" classname="com.itheima.service.UserTest" time="0.003"/>
  <testcase name="GetSchoolName" classname="com.itheima.service.UserTest" time="0"/>
  <testcase name="GetColl" classname="com.itheima.service.UserTest" time="0.002"/>
</testsuite>